<?xml version="1.0" encoding="UTF-8"?>
<testng-results ignored="6" total="9" passed="3" failed="0" skipped="0">
  <reporter-output>
  </reporter-output>
  <suite started-at="2022-07-17T08:55:29 IST" name="Suite" finished-at="2022-07-17T08:56:07 IST" duration-ms="37828">
    <groups>
    </groups>
    <test started-at="2022-07-17T08:55:29 IST" name="WIN8TEST" finished-at="2022-07-17T08:55:46 IST" duration-ms="17526">
      <class name="TestCases.LambdaTestP1">
        <test-method is-config="true" signature="setUp(java.lang.String,java.lang.String,java.lang.String)[pri:0, instance:TestCases.LambdaTestP1@659a969b]" started-at="2022-07-17T08:55:29 IST" name="setUp" finished-at="2022-07-17T08:55:39 IST" duration-ms="9900" status="PASS">
          <params>
            <param index="0">
              <value>
                <![CDATA[firefox]]>
              </value>
            </param>
            <param index="1">
              <value>
                <![CDATA[82.0]]>
              </value>
            </param>
            <param index="2">
              <value>
                <![CDATA[WIN7]]>
              </value>
            </param>
          </params>
          <reporter-output>
          </reporter-output>
        </test-method> <!-- setUp -->
        <test-method signature="TestScenario1()[pri:0, instance:TestCases.LambdaTestP1@659a969b]" started-at="2022-07-17T08:55:39 IST" name="TestScenario1" finished-at="2022-07-17T08:55:44 IST" duration-ms="5224" status="PASS">
          <reporter-output>
          </reporter-output>
        </test-method> <!-- TestScenario1 -->
        <test-method is-config="true" signature="tearDown()[pri:0, instance:TestCases.LambdaTestP1@659a969b]" started-at="2022-07-17T08:55:44 IST" name="tearDown" finished-at="2022-07-17T08:55:46 IST" duration-ms="2325" status="PASS">
          <reporter-output>
          </reporter-output>
        </test-method> <!-- tearDown -->
      </class> <!-- TestCases.LambdaTestP1 -->
    </test> <!-- WIN8TEST -->
    <test started-at="2022-07-17T08:55:29 IST" name="MACTEST" finished-at="2022-07-17T08:55:56 IST" duration-ms="27334">
      <class name="TestCases.LambdaTestP1">
        <test-method is-config="true" signature="setUp(java.lang.String,java.lang.String,java.lang.String)[pri:0, instance:TestCases.LambdaTestP1@27ce24aa]" started-at="2022-07-17T08:55:29 IST" name="setUp" finished-at="2022-07-17T08:55:39 IST" duration-ms="9876" status="PASS">
          <params>
            <param index="0">
              <value>
                <![CDATA[Chrome]]>
              </value>
            </param>
            <param index="1">
              <value>
                <![CDATA[88.0]]>
              </value>
            </param>
            <param index="2">
              <value>
                <![CDATA[Windows 10]]>
              </value>
            </param>
          </params>
          <reporter-output>
          </reporter-output>
        </test-method> <!-- setUp -->
        <test-method signature="TestScenario3()[pri:0, instance:TestCases.LambdaTestP1@27ce24aa]" started-at="2022-07-17T08:55:39 IST" name="TestScenario3" finished-at="2022-07-17T08:55:54 IST" duration-ms="15645" status="PASS">
          <reporter-output>
          </reporter-output>
        </test-method> <!-- TestScenario3 -->
        <test-method is-config="true" signature="tearDown()[pri:0, instance:TestCases.LambdaTestP1@27ce24aa]" started-at="2022-07-17T08:55:54 IST" name="tearDown" finished-at="2022-07-17T08:55:56 IST" duration-ms="1745" status="PASS">
          <reporter-output>
          </reporter-output>
        </test-method> <!-- tearDown -->
      </class> <!-- TestCases.LambdaTestP1 -->
    </test> <!-- MACTEST -->
    <test started-at="2022-07-17T08:55:29 IST" name="WIN10TEST" finished-at="2022-07-17T08:56:07 IST" duration-ms="37828">
      <class name="TestCases.LambdaTestP1">
        <test-method is-config="true" signature="setUp(java.lang.String,java.lang.String,java.lang.String)[pri:0, instance:TestCases.LambdaTestP1@15eb5ee5]" started-at="2022-07-17T08:55:29 IST" name="setUp" finished-at="2022-07-17T08:55:59 IST" duration-ms="30077" status="PASS">
          <params>
            <param index="0">
              <value>
                <![CDATA[edge]]>
              </value>
            </param>
            <param index="1">
              <value>
                <![CDATA[87.0]]>
              </value>
            </param>
            <param index="2">
              <value>
                <![CDATA[macOS Sierra]]>
              </value>
            </param>
          </params>
          <reporter-output>
          </reporter-output>
        </test-method> <!-- setUp -->
        <test-method signature="TestScenario2()[pri:0, instance:TestCases.LambdaTestP1@15eb5ee5]" started-at="2022-07-17T08:55:59 IST" name="TestScenario2" finished-at="2022-07-17T08:56:05 IST" duration-ms="5693" status="PASS">
          <reporter-output>
          </reporter-output>
        </test-method> <!-- TestScenario2 -->
        <test-method is-config="true" signature="tearDown()[pri:0, instance:TestCases.LambdaTestP1@15eb5ee5]" started-at="2022-07-17T08:56:05 IST" name="tearDown" finished-at="2022-07-17T08:56:07 IST" duration-ms="2020" status="PASS">
          <reporter-output>
          </reporter-output>
        </test-method> <!-- tearDown -->
      </class> <!-- TestCases.LambdaTestP1 -->
    </test> <!-- WIN10TEST -->
  </suite> <!-- Suite -->
</testng-results>
