<?xml version="1.0" encoding="UTF-8"?>
<!-- Generated by org.testng.reporters.JUnitXMLReporter -->
<testsuite ignored="2" hostname="DESKTOP-RC5PJRD" failures="0" tests="1" name="MACTEST" time="27.334" errors="0" timestamp="2022-07-17T08:55:56 IST">
  <testcase classname="TestCases.LambdaTestP1" name="TestScenario3" time="15.645"/>
  <testcase classname="TestCases.LambdaTestP1" name="TestScenario1" time="0.0">
    <ignored/>
  </testcase> <!-- TestScenario1 -->
  <testcase classname="TestCases.LambdaTestP1" name="TestScenario2" time="0.0">
    <ignored/>
  </testcase> <!-- TestScenario2 -->
</testsuite> <!-- MACTEST -->
