<?xml version="1.0" encoding="UTF-8"?>
<!-- Generated by org.testng.reporters.JUnitXMLReporter -->
<testsuite ignored="0" hostname="DESKTOP-RC5PJRD" failures="0" tests="3" name="Test" time="31.928" errors="0" timestamp="2022-07-16T16:00:49 IST">
  <testcase classname="TestCases.Testcase" name="TestScenario1" time="4.855"/>
  <testcase classname="TestCases.Testcase" name="TestScenario2" time="5.118"/>
  <testcase classname="TestCases.Testcase" name="TestScenario3" time="11.327"/>
</testsuite> <!-- Test -->
