<?xml version="1.0" encoding="UTF-8"?>
<!-- Generated by org.testng.reporters.JUnitXMLReporter -->
<testsuite ignored="2" hostname="DESKTOP-RC5PJRD" failures="0" tests="1" name="WIN8TEST" time="17.526" errors="0" timestamp="2022-07-17T08:55:46 IST">
  <testcase classname="TestCases.LambdaTestP1" name="TestScenario1" time="5.224"/>
  <testcase classname="TestCases.LambdaTestP1" name="TestScenario2" time="0.0">
    <ignored/>
  </testcase> <!-- TestScenario2 -->
  <testcase classname="TestCases.LambdaTestP1" name="TestScenario3" time="0.0">
    <ignored/>
  </testcase> <!-- TestScenario3 -->
</testsuite> <!-- WIN8TEST -->
